<?xml version="1.0" encoding="UTF-8"?>
<testng-results ignored="0" total="1" passed="1" failed="0" skipped="0">
  <reporter-output>
  </reporter-output>
  <suite started-at="2024-12-23T11:55:41 IST" name="Default suite" finished-at="2024-12-23T11:56:13 IST" duration-ms="31427">
    <groups>
    </groups>
    <test started-at="2024-12-23T11:55:41 IST" name="Default test" finished-at="2024-12-23T11:56:13 IST" duration-ms="31427">
      <class name="jengit.sample">
        <test-method is-config="true" signature="setUp()[pri:0, instance:jengit.sample@50378a4]" started-at="2024-12-23T11:55:41 IST" name="setUp" finished-at="2024-12-23T11:56:09 IST" duration-ms="27474" status="PASS">
          <reporter-output>
          </reporter-output>
        </test-method> <!-- setUp -->
        <test-method signature="testSearchAndAddToCart()[pri:1, instance:jengit.sample@50378a4]" started-at="2024-12-23T11:56:09 IST" name="testSearchAndAddToCart" finished-at="2024-12-23T11:56:09 IST" duration-ms="688" status="PASS">
          <reporter-output>
          </reporter-output>
        </test-method> <!-- testSearchAndAddToCart -->
        <test-method is-config="true" signature="tearDown()[pri:0, instance:jengit.sample@50378a4]" started-at="2024-12-23T11:56:09 IST" name="tearDown" finished-at="2024-12-23T11:56:13 IST" duration-ms="3188" status="PASS">
          <reporter-output>
          </reporter-output>
        </test-method> <!-- tearDown -->
      </class> <!-- jengit.sample -->
    </test> <!-- Default test -->
  </suite> <!-- Default suite -->
</testng-results>
